<?xml version="1.0" encoding="UTF-8"?>
<!-- Generated by org.testng.reporters.JUnitReportReporter -->
<testsuite skipped="0" hostname="BOSSpc" name="ru.raiffeisen.training.AppTest" tests="10" failures="0" timestamp="25 ноя 2018 11:03:35 GMT" time="0.015" errors="0">
  <testcase name="loginTest" time="0.015" classname="ru.raiffeisen.training.AppTest"/>
  <testcase name="loginTest" time="0.000" classname="ru.raiffeisen.training.AppTest"/>
  <testcase name="profileTest" time="0.000" classname="ru.raiffeisen.training.AppTest"/>
  <testcase name="pageTestCase01" time="0.000" classname="ru.raiffeisen.training.AppTest"/>
  <testcase name="pageTestCase02" time="0.000" classname="ru.raiffeisen.training.AppTest"/>
  <testcase name="pageTestCase03" time="0.000" classname="ru.raiffeisen.training.AppTest"/>
  <testcase name="pageTestCase02" time="0.000" classname="ru.raiffeisen.training.AppTest"/>
  <testcase name="pageTestCase01" time="0.000" classname="ru.raiffeisen.training.AppTest"/>
  <testcase name="pageTestCase03" time="0.000" classname="ru.raiffeisen.training.AppTest"/>
  <testcase name="logoffTest" time="0.000" classname="ru.raiffeisen.training.AppTest"/>
</testsuite> <!-- ru.raiffeisen.training.AppTest -->
