<?xml version="1.0" encoding="UTF-8"?>
<!-- Generated by org.testng.reporters.JUnitReportReporter -->
<testsuite skipped="0" hostname="Anna" name="ru.raiffeisen.training.AppTest" tests="7" failures="0" timestamp="24 ноя 2018 07:10:04 GMT" time="0.016" errors="0">
  <testcase name="loginTest" time="0.000" classname="ru.raiffeisen.training.AppTest"/>
  <testcase name="loginTest" time="0.016" classname="ru.raiffeisen.training.AppTest"/>
  <testcase name="profileTest" time="0.000" classname="ru.raiffeisen.training.AppTest"/>
  <testcase name="pageTestCase01" time="0.000" classname="ru.raiffeisen.training.AppTest"/>
  <testcase name="pageTestCase02" time="0.000" classname="ru.raiffeisen.training.AppTest"/>
  <testcase name="pageTestCase03" time="0.000" classname="ru.raiffeisen.training.AppTest"/>
  <testcase name="logoffTest" time="0.000" classname="ru.raiffeisen.training.AppTest"/>
</testsuite> <!-- ru.raiffeisen.training.AppTest -->
